<?xml version="1.0" encoding="UTF-8"?>
<!-- Generated by org.testng.reporters.JUnitXMLReporter -->
<testsuite ignored="0" hostname="Enterprises" failures="1" tests="2" name="Test" time="27.439" errors="0" timestamp="2024-04-14T11:36:42 IST">
  <testcase classname="testscripts.DemoTest" name="dg" time="3.387">
    <failure type="java.lang.AssertionError" message="expected [https://www.amazon.in/] but found [Online Shopping site in India: Shop Online for Mobiles, Books, Watches, Shoes and More - Amazon.in]">
      <![CDATA[java.lang.AssertionError: expected [https://www.amazon.in/] but found [Online Shopping site in India: Shop Online for Mobiles, Books, Watches, Shoes and More - Amazon.in]
at testscripts.DemoTest.dg(DemoTest.java:35)
at java.base/java.util.ArrayList.forEach(ArrayList.java:1511)
... Removed 33 stack frames]]>
    </failure>
  </testcase> <!-- dg -->
  <testcase classname="testscripts.ElectronicTest" name="eclick" time="11.787"/>
</testsuite> <!-- Test -->
